<?xml version="1.0" encoding="UTF-8"?>
<testsuite xmlns:xsi="http://www.w3.org/2001/XMLSchema-instance" xsi:noNamespaceSchemaLocation="https://maven.apache.org/surefire/maven-surefire-plugin/xsd/surefire-test-report.xsd" version="3.0.2" name="com.bx.finnishSmp.utils.PlayerSettingUtilsTest" time="0.003" tests="3" errors="0" skipped="0" failures="0">
  <properties>
[...]
</properties>
  <testcase name="notificationAndDuelSoundsDoNotDisableGameplaySounds" classname="com.bx.finnishSmp.utils.PlayerSettingUtilsTest" time="0.001"/>
  <testcase name="newPreferencesPreserveExistingPlayerExperienceByDefault" classname="com.bx.finnishSmp.utils.PlayerSettingUtilsTest" time="0.001"/>
  <testcase name="notificationChannelsAreIndependent" classname="com.bx.finnishSmp.utils.PlayerSettingUtilsTest" time="0.0"/>
</testsuite>